2022-05-06T18:36:34+00:00 CRITICAL Uncaught TypeError: call_user_func(): Argument #1 ($callback) must be a valid callback, function "food_grocery_store_customize_partial_food_grocery_store_footer_text" not found or invalid function name in D:\xampp\htdocs\helli2food\wp-includes\customize\class-wp-customize-partial.php:221
Stack trace:
#0 D:\xampp\htdocs\helli2food\wp-includes\customize\class-wp-customize-selective-refresh.php(371): WP_Customize_Partial->render(Array)
#1 D:\xampp\htdocs\helli2food\wp-includes\class-wp-hook.php(307): WP_Customize_Selective_Refresh->handle_render_partials_request('')
#2 D:\xampp\htdocs\helli2food\wp-includes\class-wp-hook.php(331): WP_Hook->apply_filters(NULL, Array)
#3 D:\xampp\htdocs\helli2food\wp-includes\plugin.php(474): WP_Hook->do_action(Array)
#4 D:\xampp\htdocs\helli2food\wp-includes\template-loader.php(13): do_action('template_redire...')
#5 D:\xampp\htdocs\helli2food\wp-blog-header.php(19): require_once('D:\\xampp\\htdocs...')
#6 D:\xampp\htdocs\helli2food\index.php(17): require('D:\\xampp\\htdocs...')
#7 {main}
  thrown در D:\xampp\htdocs\helli2food\wp-includes\customize\class-wp-customize-partial.php روی خط 221

2022-05-06T18:36:36+00:00 CRITICAL Uncaught TypeError: call_user_func(): Argument #1 ($callback) must be a valid callback, function "food_grocery_store_customize_partial_food_grocery_store_footer_text" not found or invalid function name in D:\xampp\htdocs\helli2food\wp-includes\customize\class-wp-customize-partial.php:221
Stack trace:
#0 D:\xampp\htdocs\helli2food\wp-includes\customize\class-wp-customize-selective-refresh.php(371): WP_Customize_Partial->render(Array)
#1 D:\xampp\htdocs\helli2food\wp-includes\class-wp-hook.php(307): WP_Customize_Selective_Refresh->handle_render_partials_request('')
#2 D:\xampp\htdocs\helli2food\wp-includes\class-wp-hook.php(331): WP_Hook->apply_filters(NULL, Array)
#3 D:\xampp\htdocs\helli2food\wp-includes\plugin.php(474): WP_Hook->do_action(Array)
#4 D:\xampp\htdocs\helli2food\wp-includes\template-loader.php(13): do_action('template_redire...')
#5 D:\xampp\htdocs\helli2food\wp-blog-header.php(19): require_once('D:\\xampp\\htdocs...')
#6 D:\xampp\htdocs\helli2food\index.php(17): require('D:\\xampp\\htdocs...')
#7 {main}
  thrown در D:\xampp\htdocs\helli2food\wp-includes\customize\class-wp-customize-partial.php روی خط 221

2022-05-06T18:36:47+00:00 CRITICAL Uncaught TypeError: call_user_func(): Argument #1 ($callback) must be a valid callback, function "food_grocery_store_customize_partial_food_grocery_store_footer_text" not found or invalid function name in D:\xampp\htdocs\helli2food\wp-includes\customize\class-wp-customize-partial.php:221
Stack trace:
#0 D:\xampp\htdocs\helli2food\wp-includes\customize\class-wp-customize-selective-refresh.php(371): WP_Customize_Partial->render(Array)
#1 D:\xampp\htdocs\helli2food\wp-includes\class-wp-hook.php(307): WP_Customize_Selective_Refresh->handle_render_partials_request('')
#2 D:\xampp\htdocs\helli2food\wp-includes\class-wp-hook.php(331): WP_Hook->apply_filters(NULL, Array)
#3 D:\xampp\htdocs\helli2food\wp-includes\plugin.php(474): WP_Hook->do_action(Array)
#4 D:\xampp\htdocs\helli2food\wp-includes\template-loader.php(13): do_action('template_redire...')
#5 D:\xampp\htdocs\helli2food\wp-blog-header.php(19): require_once('D:\\xampp\\htdocs...')
#6 D:\xampp\htdocs\helli2food\index.php(17): require('D:\\xampp\\htdocs...')
#7 {main}
  thrown در D:\xampp\htdocs\helli2food\wp-includes\customize\class-wp-customize-partial.php روی خط 221

